<?xml version="1.0" encoding="UTF-8"?>
<!-- Generated by org.testng.reporters.JUnitReportReporter -->
<testsuite hostname="Nastya-PC" name="ui.GoogleSearchTest" tests="1" failures="0" timestamp="11 Nov 2014 15:26:13 GMT" time="1.793" errors="0">
  <testcase name="searchTest" time="1.793" classname="ui.GoogleSearchTest"/>
</testsuite> <!-- ui.GoogleSearchTest -->
